<?xml version="1.0" encoding="UTF-8"?>
<testng-results skipped="0" failed="0" ignored="0" total="2" passed="2">
  <reporter-output>
  </reporter-output>
  <suite name="Suite" duration-ms="14437" started-at="2022-06-21T17:32:10Z" finished-at="2022-06-21T17:32:25Z">
    <groups>
    </groups>
    <test name="Test" duration-ms="14437" started-at="2022-06-21T17:32:10Z" finished-at="2022-06-21T17:32:25Z">
      <class name="seleniumproj.Test1">
        <test-method status="PASS" signature="test1()[pri:0, instance:seleniumproj.Test1@57175e74]" name="test1" duration-ms="24" started-at="2022-06-21T17:32:11Z" finished-at="2022-06-21T17:32:11Z">
          <reporter-output>
          </reporter-output>
        </test-method> <!-- test1 -->
      </class> <!-- seleniumproj.Test1 -->
      <class name="seleniumproj.Test2">
        <test-method status="PASS" signature="googleTest()[pri:0, instance:seleniumproj.Test2@7bb58ca3]" name="googleTest" duration-ms="14350" started-at="2022-06-21T17:32:11Z" finished-at="2022-06-21T17:32:25Z">
          <reporter-output>
          </reporter-output>
        </test-method> <!-- googleTest -->
      </class> <!-- seleniumproj.Test2 -->
    </test> <!-- Test -->
  </suite> <!-- Suite -->
</testng-results>
