<?xml version="1.0" encoding="UTF-8"?>
<testng-results skipped="0" failed="0" ignored="0" total="1" passed="1">
  <reporter-output>
  </reporter-output>
  <suite name="Default suite" duration-ms="9658" started-at="2022-06-21T17:30:55Z" finished-at="2022-06-21T17:31:05Z">
    <groups>
    </groups>
    <test name="Default test" duration-ms="9658" started-at="2022-06-21T17:30:55Z" finished-at="2022-06-21T17:31:05Z">
      <class name="seleniumproj.Test2">
        <test-method status="PASS" signature="googleTest()[pri:0, instance:seleniumproj.Test2@18ce0030]" name="googleTest" duration-ms="9614" started-at="2022-06-21T17:30:55Z" finished-at="2022-06-21T17:31:05Z">
          <reporter-output>
          </reporter-output>
        </test-method> <!-- googleTest -->
      </class> <!-- seleniumproj.Test2 -->
    </test> <!-- Default test -->
  </suite> <!-- Default suite -->
</testng-results>
